<?xml version="1.0" encoding="UTF-8"?>
<!-- Generated by org.testng.reporters.JUnitReportReporter -->
<testsuite hostname="FG2000090946" name="com.hometown.qa.testcases.CheckoutUsingICICINetBankingTest" tests="1" failures="0" timestamp="4 Jun 2018 11:40:35 GMT" time="45.961" errors="0">
  <testcase name="checkOut" time="45.961" classname="com.hometown.qa.testcases.CheckoutUsingICICINetBankingTest"/>
</testsuite> <!-- com.hometown.qa.testcases.CheckoutUsingICICINetBankingTest -->
