<?xml version="1.0" encoding="UTF-8"?>
<!-- Generated by org.testng.reporters.JUnitReportReporter -->
<testsuite hostname="FG2000090946" name="com.hometown.qa.testcases.CheckoutTest" tests="1" failures="0" timestamp="14 May 2018 12:12:21 GMT" time="39.918" errors="0">
  <testcase name="checkOut" time="39.918" classname="com.hometown.qa.testcases.CheckoutTest"/>
</testsuite> <!-- com.hometown.qa.testcases.CheckoutTest -->
