<?xml version="1.0" encoding="UTF-8"?>
<!-- Generated by org.testng.reporters.JUnitReportReporter -->
<testsuite hostname="FG2000090946" name="com.hometown.qa.testcases.ForgotPasswordPageTest" tests="1" failures="0" timestamp="30 May 2018 07:06:52 GMT" time="43.353" errors="0">
  <testcase name="forgotPwdTest" time="43.353" classname="com.hometown.qa.testcases.ForgotPasswordPageTest"/>
</testsuite> <!-- com.hometown.qa.testcases.ForgotPasswordPageTest -->
